0 info it worked if it ends with ok
1 verbose cli [ '/usr/bin/node', '/usr/bin/npm', 'remove', 'phantomjs' ]
2 info using npm@1.4.28
3 info using node@v0.10.32
4 verbose node symlink /usr/bin/node
5 verbose node_modules/phantomjs unbuild
6 error Error: EACCES, unlink '/home/retroreactive/devmount/site-reporting/node_modules/phantomjs/node_modules/.bin/mkdirp'
6 error  { [Error: EACCES, unlink '/home/retroreactive/devmount/site-reporting/node_modules/phantomjs/node_modules/.bin/mkdirp']
6 error   errno: 3,
6 error   code: 'EACCES',
6 error   path: '/home/retroreactive/devmount/site-reporting/node_modules/phantomjs/node_modules/.bin/mkdirp' }
7 error Please try running this command again as root/Administrator.
8 error System Linux 3.2.0-4-amd64
9 error command "/usr/bin/node" "/usr/bin/npm" "remove" "phantomjs"
10 error cwd /home/retroreactive/devmount/site-reporting
11 error node -v v0.10.32
12 error npm -v 1.4.28
13 error path /home/retroreactive/devmount/site-reporting/node_modules/phantomjs/node_modules/.bin/mkdirp
14 error code EACCES
15 error errno 3
16 error stack Error: EACCES, unlink '/home/retroreactive/devmount/site-reporting/node_modules/phantomjs/node_modules/.bin/mkdirp'
17 verbose exit [ 3, true ]
